INFO: [VRFC 10-2263] Analyzing Verilog file "D:/GiaPhuc/Project_1/Dense_0/FC_64/FC_64.sim/sim_1/impl/func/xsim/controller_tb_func_impl.v" into library xil_defaultlib
INFO: [VRFC 10-311] analyzing module BUF_group
INFO: [VRFC 10-311] analyzing module adder
INFO: [VRFC 10-311] analyzing module adder_tree_16
INFO: [VRFC 10-311] analyzing module controller
INFO: [VRFC 10-311] analyzing module data_buffer
INFO: [VRFC 10-311] analyzing module data_buffer__parameterized0
INFO: [VRFC 10-311] analyzing module datapath
INFO: [VRFC 10-311] analyzing module fxp_mult
INFO: [VRFC 10-311] analyzing module fxp_mult__xdcDup__1
INFO: [VRFC 10-311] analyzing module fxp_mult__xdcDup__10
INFO: [VRFC 10-311] analyzing module fxp_mult__xdcDup__11
INFO: [VRFC 10-311] analyzing module fxp_mult__xdcDup__12
INFO: [VRFC 10-311] analyzing module fxp_mult__xdcDup__13
INFO: [VRFC 10-311] analyzing module fxp_mult__xdcDup__14
INFO: [VRFC 10-311] analyzing module fxp_mult__xdcDup__15
INFO: [VRFC 10-311] analyzing module fxp_mult__xdcDup__2
INFO: [VRFC 10-311] analyzing module fxp_mult__xdcDup__3
INFO: [VRFC 10-311] analyzing module fxp_mult__xdcDup__4
INFO: [VRFC 10-311] analyzing module fxp_mult__xdcDup__5
INFO: [VRFC 10-311] analyzing module fxp_mult__xdcDup__6
INFO: [VRFC 10-311] analyzing module fxp_mult__xdcDup__7
INFO: [VRFC 10-311] analyzing module fxp_mult__xdcDup__8
INFO: [VRFC 10-311] analyzing module fxp_mult__xdcDup__9
INFO: [VRFC 10-311] analyzing module mult
INFO: [VRFC 10-311] analyzing module mult__16
INFO: [VRFC 10-311] analyzing module mult__17
INFO: [VRFC 10-311] analyzing module mult__18
INFO: [VRFC 10-311] analyzing module mult__19
INFO: [VRFC 10-311] analyzing module mult__20
INFO: [VRFC 10-311] analyzing module mult__21
INFO: [VRFC 10-311] analyzing module mult__22
INFO: [VRFC 10-311] analyzing module mult__23
INFO: [VRFC 10-311] analyzing module mult__24
INFO: [VRFC 10-311] analyzing module mult__25
INFO: [VRFC 10-311] analyzing module mult__26
INFO: [VRFC 10-311] analyzing module mult__27
INFO: [VRFC 10-311] analyzing module mult__28
INFO: [VRFC 10-311] analyzing module mult__29
INFO: [VRFC 10-311] analyzing module mult__30
INFO: [VRFC 10-311] analyzing module ping_pong_buffer
INFO: [VRFC 10-311] analyzing module process_unit
INFO: [VRFC 10-311] analyzing module process_unit__xdcDup__1
INFO: [VRFC 10-311] analyzing module process_unit__xdcDup__10
INFO: [VRFC 10-311] analyzing module process_unit__xdcDup__11
INFO: [VRFC 10-311] analyzing module process_unit__xdcDup__12
INFO: [VRFC 10-311] analyzing module process_unit__xdcDup__13
INFO: [VRFC 10-311] analyzing module process_unit__xdcDup__14
INFO: [VRFC 10-311] analyzing module process_unit__xdcDup__15
INFO: [VRFC 10-311] analyzing module process_unit__xdcDup__2
INFO: [VRFC 10-311] analyzing module process_unit__xdcDup__3
INFO: [VRFC 10-311] analyzing module process_unit__xdcDup__4
INFO: [VRFC 10-311] analyzing module process_unit__xdcDup__5
INFO: [VRFC 10-311] analyzing module process_unit__xdcDup__6
INFO: [VRFC 10-311] analyzing module process_unit__xdcDup__7
INFO: [VRFC 10-311] analyzing module process_unit__xdcDup__8
INFO: [VRFC 10-311] analyzing module process_unit__xdcDup__9
INFO: [VRFC 10-311] analyzing module pu_array
INFO: [VRFC 10-311] analyzing module top_design
INFO: [VRFC 10-311] analyzing module mult_gen_v12_0_21
INFO: [VRFC 10-311] analyzing module mult_gen_v12_0_21__16
INFO: [VRFC 10-311] analyzing module mult_gen_v12_0_21__17
INFO: [VRFC 10-311] analyzing module mult_gen_v12_0_21__18
INFO: [VRFC 10-311] analyzing module mult_gen_v12_0_21__19
INFO: [VRFC 10-311] analyzing module mult_gen_v12_0_21__20
INFO: [VRFC 10-311] analyzing module mult_gen_v12_0_21__21
INFO: [VRFC 10-311] analyzing module mult_gen_v12_0_21__22
INFO: [VRFC 10-311] analyzing module mult_gen_v12_0_21__23
INFO: [VRFC 10-311] analyzing module mult_gen_v12_0_21__24
INFO: [VRFC 10-311] analyzing module mult_gen_v12_0_21__25
INFO: [VRFC 10-311] analyzing module mult_gen_v12_0_21__26
INFO: [VRFC 10-311] analyzing module mult_gen_v12_0_21__27
INFO: [VRFC 10-311] analyzing module mult_gen_v12_0_21__28
INFO: [VRFC 10-311] analyzing module mult_gen_v12_0_21__29
INFO: [VRFC 10-311] analyzing module mult_gen_v12_0_21__30
INFO: [VRFC 10-311] analyzing module delay_line__parameterized2
INFO: [VRFC 10-311] analyzing module delay_line__parameterized2_1
INFO: [VRFC 10-311] analyzing module delay_line__parameterized2_11
INFO: [VRFC 10-311] analyzing module delay_line__parameterized2_13
INFO: [VRFC 10-311] analyzing module delay_line__parameterized2_15
INFO: [VRFC 10-311] analyzing module delay_line__parameterized2_17
INFO: [VRFC 10-311] analyzing module delay_line__parameterized2_19
INFO: [VRFC 10-311] analyzing module delay_line__parameterized2_21
INFO: [VRFC 10-311] analyzing module delay_line__parameterized2_23
INFO: [VRFC 10-311] analyzing module delay_line__parameterized2_25
INFO: [VRFC 10-311] analyzing module delay_line__parameterized2_27
INFO: [VRFC 10-311] analyzing module delay_line__parameterized2_29
INFO: [VRFC 10-311] analyzing module delay_line__parameterized2_3
INFO: [VRFC 10-311] analyzing module delay_line__parameterized2_5
INFO: [VRFC 10-311] analyzing module delay_line__parameterized2_7
INFO: [VRFC 10-311] analyzing module delay_line__parameterized2_9
INFO: [VRFC 10-311] analyzing module dsp
INFO: [VRFC 10-311] analyzing module dsp_0
INFO: [VRFC 10-311] analyzing module dsp_10
INFO: [VRFC 10-311] analyzing module dsp_12
INFO: [VRFC 10-311] analyzing module dsp_14
INFO: [VRFC 10-311] analyzing module dsp_16
INFO: [VRFC 10-311] analyzing module dsp_18
INFO: [VRFC 10-311] analyzing module dsp_2
INFO: [VRFC 10-311] analyzing module dsp_20
INFO: [VRFC 10-311] analyzing module dsp_22
INFO: [VRFC 10-311] analyzing module dsp_24
INFO: [VRFC 10-311] analyzing module dsp_26
INFO: [VRFC 10-311] analyzing module dsp_28
INFO: [VRFC 10-311] analyzing module dsp_4
INFO: [VRFC 10-311] analyzing module dsp_6
INFO: [VRFC 10-311] analyzing module dsp_8
INFO: [VRFC 10-311] analyzing module mult_gen_v12_0_21_viv
INFO: [VRFC 10-311] analyzing module mult_gen_v12_0_21_viv__16
INFO: [VRFC 10-311] analyzing module mult_gen_v12_0_21_viv__17
INFO: [VRFC 10-311] analyzing module mult_gen_v12_0_21_viv__18
INFO: [VRFC 10-311] analyzing module mult_gen_v12_0_21_viv__19
INFO: [VRFC 10-311] analyzing module mult_gen_v12_0_21_viv__20
INFO: [VRFC 10-311] analyzing module mult_gen_v12_0_21_viv__21
INFO: [VRFC 10-311] analyzing module mult_gen_v12_0_21_viv__22
INFO: [VRFC 10-311] analyzing module mult_gen_v12_0_21_viv__23
INFO: [VRFC 10-311] analyzing module mult_gen_v12_0_21_viv__24
INFO: [VRFC 10-311] analyzing module mult_gen_v12_0_21_viv__25
INFO: [VRFC 10-311] analyzing module mult_gen_v12_0_21_viv__26
INFO: [VRFC 10-311] analyzing module mult_gen_v12_0_21_viv__27
INFO: [VRFC 10-311] analyzing module mult_gen_v12_0_21_viv__28
INFO: [VRFC 10-311] analyzing module mult_gen_v12_0_21_viv__29
INFO: [VRFC 10-311] analyzing module mult_gen_v12_0_21_viv__30
INFO: [VRFC 10-311] analyzing module glbl
