INFO: [VRFC 10-2263] Analyzing Verilog file "D:/GiaPhuc/Project_1/Dense_0/FC_64/FC_64.sim/sim_1/impl/timing/xsim/top_design_tb_time_impl.v" into library xil_defaultlib
INFO: [VRFC 10-311] analyzing module IBUF_UNIQ_BASE_
INFO: [VRFC 10-311] analyzing module IBUF_HD227
INFO: [VRFC 10-311] analyzing module IBUF_HD228
INFO: [VRFC 10-311] analyzing module IBUF_HD229
INFO: [VRFC 10-311] analyzing module IBUF_HD230
INFO: [VRFC 10-311] analyzing module IBUF_HD231
INFO: [VRFC 10-311] analyzing module IBUF_HD232
INFO: [VRFC 10-311] analyzing module IBUF_HD233
INFO: [VRFC 10-311] analyzing module IBUF_HD234
INFO: [VRFC 10-311] analyzing module IBUF_HD235
INFO: [VRFC 10-311] analyzing module IBUF_HD236
INFO: [VRFC 10-311] analyzing module IBUF_HD237
INFO: [VRFC 10-311] analyzing module IBUF_HD238
INFO: [VRFC 10-311] analyzing module IBUF_HD239
INFO: [VRFC 10-311] analyzing module IBUF_HD240
INFO: [VRFC 10-311] analyzing module IBUF_HD241
INFO: [VRFC 10-311] analyzing module IBUF_HD242
INFO: [VRFC 10-311] analyzing module IBUF_HD243
INFO: [VRFC 10-311] analyzing module IBUF_HD244
INFO: [VRFC 10-311] analyzing module IBUF_HD245
INFO: [VRFC 10-311] analyzing module IBUF_HD246
INFO: [VRFC 10-311] analyzing module IBUF_HD247
INFO: [VRFC 10-311] analyzing module IBUF_HD248
INFO: [VRFC 10-311] analyzing module IBUF_HD249
INFO: [VRFC 10-311] analyzing module IBUF_HD250
INFO: [VRFC 10-311] analyzing module IBUF_HD251
INFO: [VRFC 10-311] analyzing module IBUF_HD252
INFO: [VRFC 10-311] analyzing module IBUF_HD253
INFO: [VRFC 10-311] analyzing module IBUF_HD254
INFO: [VRFC 10-311] analyzing module IBUF_HD255
INFO: [VRFC 10-311] analyzing module IBUF_HD256
INFO: [VRFC 10-311] analyzing module IBUF_HD257
INFO: [VRFC 10-311] analyzing module IBUF_HD258
INFO: [VRFC 10-311] analyzing module IBUF_HD259
INFO: [VRFC 10-311] analyzing module IBUF_HD260
INFO: [VRFC 10-311] analyzing module IBUF_HD261
INFO: [VRFC 10-311] analyzing module IBUF_HD262
INFO: [VRFC 10-311] analyzing module IBUF_HD263
INFO: [VRFC 10-311] analyzing module IBUF_HD264
INFO: [VRFC 10-311] analyzing module IBUF_HD265
INFO: [VRFC 10-311] analyzing module IBUF_HD266
INFO: [VRFC 10-311] analyzing module IBUF_HD267
INFO: [VRFC 10-311] analyzing module IBUF_HD268
INFO: [VRFC 10-311] analyzing module IBUF_HD269
INFO: [VRFC 10-311] analyzing module IBUF_HD270
INFO: [VRFC 10-311] analyzing module IBUF_HD271
INFO: [VRFC 10-311] analyzing module IBUF_HD272
INFO: [VRFC 10-311] analyzing module IBUF_HD273
INFO: [VRFC 10-311] analyzing module IBUF_HD274
INFO: [VRFC 10-311] analyzing module IBUF_HD275
INFO: [VRFC 10-311] analyzing module IBUF_HD276
INFO: [VRFC 10-311] analyzing module IBUF_HD277
INFO: [VRFC 10-311] analyzing module IBUF_HD278
INFO: [VRFC 10-311] analyzing module IBUF_HD279
INFO: [VRFC 10-311] analyzing module IBUF_HD280
INFO: [VRFC 10-311] analyzing module IBUF_HD281
INFO: [VRFC 10-311] analyzing module IBUF_HD282
INFO: [VRFC 10-311] analyzing module IBUF_HD283
INFO: [VRFC 10-311] analyzing module IBUF_HD284
INFO: [VRFC 10-311] analyzing module IBUF_HD285
INFO: [VRFC 10-311] analyzing module IBUF_HD286
INFO: [VRFC 10-311] analyzing module IBUF_HD287
INFO: [VRFC 10-311] analyzing module IBUF_HD288
INFO: [VRFC 10-311] analyzing module IBUF_HD289
INFO: [VRFC 10-311] analyzing module IBUF_HD290
INFO: [VRFC 10-311] analyzing module IBUF_HD291
INFO: [VRFC 10-311] analyzing module IBUF_HD292
INFO: [VRFC 10-311] analyzing module IBUF_HD293
INFO: [VRFC 10-311] analyzing module IBUF_HD294
INFO: [VRFC 10-311] analyzing module IBUF_HD295
INFO: [VRFC 10-311] analyzing module IBUF_HD296
INFO: [VRFC 10-311] analyzing module IBUF_HD297
INFO: [VRFC 10-311] analyzing module IBUF_HD298
INFO: [VRFC 10-311] analyzing module IBUF_HD299
INFO: [VRFC 10-311] analyzing module IBUF_HD300
INFO: [VRFC 10-311] analyzing module IBUF_HD301
INFO: [VRFC 10-311] analyzing module IBUF_HD302
INFO: [VRFC 10-311] analyzing module IBUF_HD303
INFO: [VRFC 10-311] analyzing module IBUF_HD304
INFO: [VRFC 10-311] analyzing module IBUF_HD305
INFO: [VRFC 10-311] analyzing module IBUF_HD306
INFO: [VRFC 10-311] analyzing module IBUF_HD307
INFO: [VRFC 10-311] analyzing module IBUF_HD308
INFO: [VRFC 10-311] analyzing module IBUF_HD309
INFO: [VRFC 10-311] analyzing module IBUF_HD310
INFO: [VRFC 10-311] analyzing module IBUF_HD311
INFO: [VRFC 10-311] analyzing module IBUF_HD312
INFO: [VRFC 10-311] analyzing module IBUF_HD313
INFO: [VRFC 10-311] analyzing module IBUF_HD314
INFO: [VRFC 10-311] analyzing module IBUF_HD315
INFO: [VRFC 10-311] analyzing module IBUF_HD316
INFO: [VRFC 10-311] analyzing module IBUF_HD317
INFO: [VRFC 10-311] analyzing module IBUF_HD318
INFO: [VRFC 10-311] analyzing module IBUF_HD319
INFO: [VRFC 10-311] analyzing module IBUF_HD320
INFO: [VRFC 10-311] analyzing module IBUF_HD321
INFO: [VRFC 10-311] analyzing module IBUF_HD322
INFO: [VRFC 10-311] analyzing module IBUF_HD323
INFO: [VRFC 10-311] analyzing module IBUF_HD324
INFO: [VRFC 10-311] analyzing module IBUF_HD325
INFO: [VRFC 10-311] analyzing module IBUF_HD326
INFO: [VRFC 10-311] analyzing module BUF_group
INFO: [VRFC 10-311] analyzing module adder
INFO: [VRFC 10-311] analyzing module adder_tree_16
INFO: [VRFC 10-311] analyzing module controller
INFO: [VRFC 10-311] analyzing module data_buffer
INFO: [VRFC 10-311] analyzing module data_buffer__parameterized0
INFO: [VRFC 10-311] analyzing module datapath
INFO: [VRFC 10-311] analyzing module fxp_mult
INFO: [VRFC 10-311] analyzing module fxp_mult__xdcDup__1
INFO: [VRFC 10-311] analyzing module fxp_mult__xdcDup__10
INFO: [VRFC 10-311] analyzing module fxp_mult__xdcDup__11
INFO: [VRFC 10-311] analyzing module fxp_mult__xdcDup__12
INFO: [VRFC 10-311] analyzing module fxp_mult__xdcDup__13
INFO: [VRFC 10-311] analyzing module fxp_mult__xdcDup__14
INFO: [VRFC 10-311] analyzing module fxp_mult__xdcDup__15
INFO: [VRFC 10-311] analyzing module fxp_mult__xdcDup__2
INFO: [VRFC 10-311] analyzing module fxp_mult__xdcDup__3
INFO: [VRFC 10-311] analyzing module fxp_mult__xdcDup__4
INFO: [VRFC 10-311] analyzing module fxp_mult__xdcDup__5
INFO: [VRFC 10-311] analyzing module fxp_mult__xdcDup__6
INFO: [VRFC 10-311] analyzing module fxp_mult__xdcDup__7
INFO: [VRFC 10-311] analyzing module fxp_mult__xdcDup__8
INFO: [VRFC 10-311] analyzing module fxp_mult__xdcDup__9
INFO: [VRFC 10-311] analyzing module mult
INFO: [VRFC 10-311] analyzing module mult__16
INFO: [VRFC 10-311] analyzing module mult__17
INFO: [VRFC 10-311] analyzing module mult__18
INFO: [VRFC 10-311] analyzing module mult__19
INFO: [VRFC 10-311] analyzing module mult__20
INFO: [VRFC 10-311] analyzing module mult__21
INFO: [VRFC 10-311] analyzing module mult__22
INFO: [VRFC 10-311] analyzing module mult__23
INFO: [VRFC 10-311] analyzing module mult__24
INFO: [VRFC 10-311] analyzing module mult__25
INFO: [VRFC 10-311] analyzing module mult__26
INFO: [VRFC 10-311] analyzing module mult__27
INFO: [VRFC 10-311] analyzing module mult__28
INFO: [VRFC 10-311] analyzing module mult__29
INFO: [VRFC 10-311] analyzing module mult__30
INFO: [VRFC 10-311] analyzing module ping_pong_buffer
INFO: [VRFC 10-311] analyzing module process_unit
INFO: [VRFC 10-311] analyzing module process_unit__xdcDup__1
INFO: [VRFC 10-311] analyzing module process_unit__xdcDup__10
INFO: [VRFC 10-311] analyzing module process_unit__xdcDup__11
INFO: [VRFC 10-311] analyzing module process_unit__xdcDup__12
INFO: [VRFC 10-311] analyzing module process_unit__xdcDup__13
INFO: [VRFC 10-311] analyzing module process_unit__xdcDup__14
INFO: [VRFC 10-311] analyzing module process_unit__xdcDup__15
INFO: [VRFC 10-311] analyzing module process_unit__xdcDup__2
INFO: [VRFC 10-311] analyzing module process_unit__xdcDup__3
INFO: [VRFC 10-311] analyzing module process_unit__xdcDup__4
INFO: [VRFC 10-311] analyzing module process_unit__xdcDup__5
INFO: [VRFC 10-311] analyzing module process_unit__xdcDup__6
INFO: [VRFC 10-311] analyzing module process_unit__xdcDup__7
INFO: [VRFC 10-311] analyzing module process_unit__xdcDup__8
INFO: [VRFC 10-311] analyzing module process_unit__xdcDup__9
INFO: [VRFC 10-311] analyzing module pu_array
INFO: [VRFC 10-311] analyzing module top_design
INFO: [VRFC 10-311] analyzing module DSP48E2_UNIQ_BASE_
INFO: [VRFC 10-311] analyzing module DSP48E2_HD164
INFO: [VRFC 10-311] analyzing module DSP48E2_HD165
INFO: [VRFC 10-311] analyzing module DSP48E2_HD166
INFO: [VRFC 10-311] analyzing module DSP48E2_HD167
INFO: [VRFC 10-311] analyzing module DSP48E2_HD168
INFO: [VRFC 10-311] analyzing module DSP48E2_HD169
INFO: [VRFC 10-311] analyzing module DSP48E2_HD170
INFO: [VRFC 10-311] analyzing module DSP48E2_HD171
INFO: [VRFC 10-311] analyzing module DSP48E2_HD172
INFO: [VRFC 10-311] analyzing module DSP48E2_HD173
INFO: [VRFC 10-311] analyzing module DSP48E2_HD174
INFO: [VRFC 10-311] analyzing module DSP48E2_HD175
INFO: [VRFC 10-311] analyzing module DSP48E2_HD176
INFO: [VRFC 10-311] analyzing module DSP48E2_HD177
INFO: [VRFC 10-311] analyzing module DSP48E2_HD178
INFO: [VRFC 10-311] analyzing module DSP48E2_HD179
INFO: [VRFC 10-311] analyzing module DSP48E2_HD180
INFO: [VRFC 10-311] analyzing module DSP48E2_HD181
INFO: [VRFC 10-311] analyzing module DSP48E2_HD182
INFO: [VRFC 10-311] analyzing module DSP48E2_HD183
INFO: [VRFC 10-311] analyzing module DSP48E2_HD184
INFO: [VRFC 10-311] analyzing module DSP48E2_HD185
INFO: [VRFC 10-311] analyzing module DSP48E2_HD186
INFO: [VRFC 10-311] analyzing module DSP48E2_HD187
INFO: [VRFC 10-311] analyzing module DSP48E2_HD188
INFO: [VRFC 10-311] analyzing module DSP48E2_HD189
INFO: [VRFC 10-311] analyzing module DSP48E2_HD190
INFO: [VRFC 10-311] analyzing module DSP48E2_HD191
INFO: [VRFC 10-311] analyzing module DSP48E2_HD192
INFO: [VRFC 10-311] analyzing module DSP48E2_HD193
INFO: [VRFC 10-311] analyzing module DSP48E2_HD194
INFO: [VRFC 10-311] analyzing module DSP48E2_HD195
INFO: [VRFC 10-311] analyzing module DSP48E2_HD196
INFO: [VRFC 10-311] analyzing module DSP48E2_HD197
INFO: [VRFC 10-311] analyzing module DSP48E2_HD198
INFO: [VRFC 10-311] analyzing module DSP48E2_HD199
INFO: [VRFC 10-311] analyzing module DSP48E2_HD200
INFO: [VRFC 10-311] analyzing module DSP48E2_HD201
INFO: [VRFC 10-311] analyzing module DSP48E2_HD202
INFO: [VRFC 10-311] analyzing module DSP48E2_HD203
INFO: [VRFC 10-311] analyzing module DSP48E2_HD204
INFO: [VRFC 10-311] analyzing module DSP48E2_HD205
INFO: [VRFC 10-311] analyzing module DSP48E2_HD206
INFO: [VRFC 10-311] analyzing module DSP48E2_HD207
INFO: [VRFC 10-311] analyzing module DSP48E2_HD208
INFO: [VRFC 10-311] analyzing module DSP48E2_HD209
INFO: [VRFC 10-311] analyzing module DSP48E2_HD210
INFO: [VRFC 10-311] analyzing module DSP48E2_HD211
INFO: [VRFC 10-311] analyzing module DSP48E2_HD212
INFO: [VRFC 10-311] analyzing module DSP48E2_HD213
INFO: [VRFC 10-311] analyzing module DSP48E2_HD214
INFO: [VRFC 10-311] analyzing module DSP48E2_HD215
INFO: [VRFC 10-311] analyzing module DSP48E2_HD216
INFO: [VRFC 10-311] analyzing module DSP48E2_HD217
INFO: [VRFC 10-311] analyzing module DSP48E2_HD218
INFO: [VRFC 10-311] analyzing module DSP48E2_HD219
INFO: [VRFC 10-311] analyzing module DSP48E2_HD220
INFO: [VRFC 10-311] analyzing module DSP48E2_HD221
INFO: [VRFC 10-311] analyzing module DSP48E2_HD222
INFO: [VRFC 10-311] analyzing module DSP48E2_HD223
INFO: [VRFC 10-311] analyzing module DSP48E2_HD224
INFO: [VRFC 10-311] analyzing module DSP48E2_HD225
INFO: [VRFC 10-311] analyzing module DSP48E2_HD226
INFO: [VRFC 10-311] analyzing module mult_gen_v12_0_21
INFO: [VRFC 10-311] analyzing module mult_gen_v12_0_21__16
INFO: [VRFC 10-311] analyzing module mult_gen_v12_0_21__17
INFO: [VRFC 10-311] analyzing module mult_gen_v12_0_21__18
INFO: [VRFC 10-311] analyzing module mult_gen_v12_0_21__19
INFO: [VRFC 10-311] analyzing module mult_gen_v12_0_21__20
INFO: [VRFC 10-311] analyzing module mult_gen_v12_0_21__21
INFO: [VRFC 10-311] analyzing module mult_gen_v12_0_21__22
INFO: [VRFC 10-311] analyzing module mult_gen_v12_0_21__23
INFO: [VRFC 10-311] analyzing module mult_gen_v12_0_21__24
INFO: [VRFC 10-311] analyzing module mult_gen_v12_0_21__25
INFO: [VRFC 10-311] analyzing module mult_gen_v12_0_21__26
INFO: [VRFC 10-311] analyzing module mult_gen_v12_0_21__27
INFO: [VRFC 10-311] analyzing module mult_gen_v12_0_21__28
INFO: [VRFC 10-311] analyzing module mult_gen_v12_0_21__29
INFO: [VRFC 10-311] analyzing module mult_gen_v12_0_21__30
INFO: [VRFC 10-311] analyzing module delay_line__parameterized2
INFO: [VRFC 10-311] analyzing module delay_line__parameterized2_1
INFO: [VRFC 10-311] analyzing module delay_line__parameterized2_11
INFO: [VRFC 10-311] analyzing module delay_line__parameterized2_13
INFO: [VRFC 10-311] analyzing module delay_line__parameterized2_15
INFO: [VRFC 10-311] analyzing module delay_line__parameterized2_17
INFO: [VRFC 10-311] analyzing module delay_line__parameterized2_19
INFO: [VRFC 10-311] analyzing module delay_line__parameterized2_21
INFO: [VRFC 10-311] analyzing module delay_line__parameterized2_23
INFO: [VRFC 10-311] analyzing module delay_line__parameterized2_25
INFO: [VRFC 10-311] analyzing module delay_line__parameterized2_27
INFO: [VRFC 10-311] analyzing module delay_line__parameterized2_29
INFO: [VRFC 10-311] analyzing module delay_line__parameterized2_3
INFO: [VRFC 10-311] analyzing module delay_line__parameterized2_5
INFO: [VRFC 10-311] analyzing module delay_line__parameterized2_7
INFO: [VRFC 10-311] analyzing module delay_line__parameterized2_9
INFO: [VRFC 10-311] analyzing module dsp
INFO: [VRFC 10-311] analyzing module dsp_0
INFO: [VRFC 10-311] analyzing module dsp_10
INFO: [VRFC 10-311] analyzing module dsp_12
INFO: [VRFC 10-311] analyzing module dsp_14
INFO: [VRFC 10-311] analyzing module dsp_16
INFO: [VRFC 10-311] analyzing module dsp_18
INFO: [VRFC 10-311] analyzing module dsp_2
INFO: [VRFC 10-311] analyzing module dsp_20
INFO: [VRFC 10-311] analyzing module dsp_22
INFO: [VRFC 10-311] analyzing module dsp_24
INFO: [VRFC 10-311] analyzing module dsp_26
INFO: [VRFC 10-311] analyzing module dsp_28
INFO: [VRFC 10-311] analyzing module dsp_4
INFO: [VRFC 10-311] analyzing module dsp_6
INFO: [VRFC 10-311] analyzing module dsp_8
INFO: [VRFC 10-311] analyzing module mult_gen_v12_0_21_viv
INFO: [VRFC 10-311] analyzing module mult_gen_v12_0_21_viv__16
INFO: [VRFC 10-311] analyzing module mult_gen_v12_0_21_viv__17
INFO: [VRFC 10-311] analyzing module mult_gen_v12_0_21_viv__18
INFO: [VRFC 10-311] analyzing module mult_gen_v12_0_21_viv__19
INFO: [VRFC 10-311] analyzing module mult_gen_v12_0_21_viv__20
INFO: [VRFC 10-311] analyzing module mult_gen_v12_0_21_viv__21
INFO: [VRFC 10-311] analyzing module mult_gen_v12_0_21_viv__22
INFO: [VRFC 10-311] analyzing module mult_gen_v12_0_21_viv__23
INFO: [VRFC 10-311] analyzing module mult_gen_v12_0_21_viv__24
INFO: [VRFC 10-311] analyzing module mult_gen_v12_0_21_viv__25
INFO: [VRFC 10-311] analyzing module mult_gen_v12_0_21_viv__26
INFO: [VRFC 10-311] analyzing module mult_gen_v12_0_21_viv__27
INFO: [VRFC 10-311] analyzing module mult_gen_v12_0_21_viv__28
INFO: [VRFC 10-311] analyzing module mult_gen_v12_0_21_viv__29
INFO: [VRFC 10-311] analyzing module mult_gen_v12_0_21_viv__30
INFO: [VRFC 10-311] analyzing module glbl
INFO: [VRFC 10-2263] Analyzing SystemVerilog file "D:/GiaPhuc/Project_1/Dense_0/FC_64/FC_64.srcs/sim_1/new/top_design_tb.sv" into library xil_defaultlib
INFO: [VRFC 10-311] analyzing module top_design_tb
